<?xml version="1.0" encoding="UTF-8"?>
<testng-results total="1" passed="1" failed="0" skipped="0">
  <reporter-output>
  </reporter-output>
  <suite started-at="2020-05-22T08:46:36Z" name="Default suite" finished-at="2020-05-22T08:46:37Z" duration-ms="1267">
    <groups>
    </groups>
    <test started-at="2020-05-22T08:46:36Z" name="Default test" finished-at="2020-05-22T08:46:37Z" duration-ms="1267">
      <class name="PostingtheData.PostDataUsingJson">
        <test-method signature="dataPost()[pri:0, instance:PostingtheData.PostDataUsingJson@527e5409]" started-at="2020-05-22T14:16:36Z" name="dataPost" finished-at="2020-05-22T14:16:37Z" duration-ms="1251" status="PASS">
          <reporter-output>
          </reporter-output>
        </test-method> <!-- dataPost -->
      </class> <!-- PostingtheData.PostDataUsingJson -->
    </test> <!-- Default test -->
  </suite> <!-- Default suite -->
</testng-results>
